# JRE version: Java(TM) SE Runtime Environment (7.0_55-b13) (build 1.7.0_55-b13)
# Java VM: Java HotSpot(TM) 64-Bit Server VM (24.55-b03 mixed mode windows-amd64 compressed oops)
Heap
 PSYoungGen      total 116736K, used 45534K [0x00000000f5500000, 0x0000000100000000, 0x0000000100000000)
  eden space 58368K, 75% used [0x00000000f5500000,0x00000000f8016e90,0x00000000f8e00000)
  from space 58368K, 2% used [0x00000000f8e00000,0x00000000f8f60d20,0x00000000fc700000)
  to   space 58368K, 0% used [0x00000000fc700000,0x00000000fc700000,0x0000000100000000)
 ParOldGen       total 326656K, used 166518K [0x00000000e0000000, 0x00000000f3f00000, 0x00000000f5500000)
  object space 326656K, 50% used [0x00000000e0000000,0x00000000ea29db30,0x00000000f3f00000)
 PSPermGen       total 83968K, used 57077K [0x00000000dae00000, 0x00000000e0000000, 0x00000000e0000000)
  object space 83968K, 67% used [0x00000000dae00000,0x00000000de5bd4d8,0x00000000e0000000)
GC Heap History (10 events):
Event: 73.112 GC heap before
{Heap before GC invocations=53 (full 4):
 PSYoungGen      total 116736K, used 24232K [0x00000000f5500000, 0x0000000100000000, 0x0000000100000000)
  eden space 58368K, 0% used [0x00000000f5500000,0x00000000f5500000,0x00000000f8e00000)
  from space 58368K, 41% used [0x00000000f8e00000,0x00000000fa5aa348,0x00000000fc700000)
  to   space 58368K, 0% used [0x00000000fc700000,0x00000000fc700000,0x0000000100000000)
 ParOldGen       total 317952K, used 297419K [0x00000000e0000000, 0x00000000f3680000, 0x00000000f5500000)
  object space 317952K, 93% used [0x00000000e0000000,0x00000000f2272d40,0x00000000f3680000)
 PSPermGen       total 79360K, used 54776K [0x00000000dae00000, 0x00000000dfb80000, 0x00000000e0000000)
  object space 79360K, 69% used [0x00000000dae00000,0x00000000de37e038,0x00000000dfb80000)
Event: 73.353 GC heap after
Heap after GC invocations=53 (full 4):
 PSYoungGen      total 116736K, used 0K [0x00000000f5500000, 0x0000000100000000, 0x0000000100000000)
  eden space 58368K, 0% used [0x00000000f5500000,0x00000000f5500000,0x00000000f8e00000)
  from space 58368K, 0% used [0x00000000f8e00000,0x00000000f8e00000,0x00000000fc700000)
  to   space 58368K, 0% used [0x00000000fc700000,0x00000000fc700000,0x0000000100000000)
 ParOldGen       total 326656K, used 155813K [0x00000000e0000000, 0x00000000f3f00000, 0x00000000f5500000)
  object space 326656K, 47% used [0x00000000e0000000,0x00000000e98297c0,0x00000000f3f00000)
 PSPermGen       total 83968K, used 54763K [0x00000000dae00000, 0x00000000e0000000, 0x00000000e0000000)
  object space 83968K, 65% used [0x00000000dae00000,0x00000000de37ad90,0x00000000e0000000)
}
Event: 73.462 GC heap before
{Heap before GC invocations=54 (full 4):
 PSYoungGen      total 116736K, used 55438K [0x00000000f5500000, 0x0000000100000000, 0x0000000100000000)
  eden space 58368K, 94% used [0x00000000f5500000,0x00000000f8b239a0,0x00000000f8e00000)
  from space 58368K, 0% used [0x00000000f8e00000,0x00000000f8e00000,0x00000000fc700000)
  to   space 58368K, 0% used [0x00000000fc700000,0x00000000fc700000,0x0000000100000000)
 ParOldGen       total 326656K, used 155813K [0x00000000e0000000, 0x00000000f3f00000, 0x00000000f5500000)
  object space 326656K, 47% used [0x00000000e0000000,0x00000000e98297c0,0x00000000f3f00000)
 PSPermGen       total 83968K, used 54774K [0x00000000dae00000, 0x00000000e0000000, 0x00000000e0000000)
  object space 83968K, 65% used [0x00000000dae00000,0x00000000de37db80,0x00000000e0000000)
Event: 73.467 GC heap after
Heap after GC invocations=54 (full 4):
 PSYoungGen      total 116736K, used 10752K [0x00000000f5500000, 0x0000000100000000, 0x0000000100000000)
  eden space 58368K, 0% used [0x00000000f5500000,0x00000000f5500000,0x00000000f8e00000)
  from space 58368K, 18% used [0x00000000fc700000,0x00000000fd180370,0x0000000100000000)
  to   space 58368K, 0% used [0x00000000f8e00000,0x00000000f8e00000,0x00000000fc700000)
 ParOldGen       total 326656K, used 155813K [0x00000000e0000000, 0x00000000f3f00000, 0x00000000f5500000)
  object space 326656K, 47% used [0x00000000e0000000,0x00000000e98297c0,0x00000000f3f00000)
 PSPermGen       total 83968K, used 54774K [0x00000000dae00000, 0x00000000e0000000, 0x00000000e0000000)
  object space 83968K, 65% used [0x00000000dae00000,0x00000000de37db80,0x00000000e0000000)
}
Event: 73.629 GC heap before
{Heap before GC invocations=55 (full 4):
 PSYoungGen      total 116736K, used 69120K [0x00000000f5500000, 0x0000000100000000, 0x0000000100000000)
  eden space 58368K, 100% used [0x00000000f5500000,0x00000000f8e00000,0x00000000f8e00000)
  from space 58368K, 18% used [0x00000000fc700000,0x00000000fd180370,0x0000000100000000)
  to   space 58368K, 0% used [0x00000000f8e00000,0x00000000f8e00000,0x00000000fc700000)
 ParOldGen       total 326656K, used 155813K [0x00000000e0000000, 0x00000000f3f00000, 0x00000000f5500000)
  object space 326656K, 47% used [0x00000000e0000000,0x00000000e98297c0,0x00000000f3f00000)
 PSPermGen       total 83968K, used 54881K [0x00000000dae00000, 0x00000000e0000000, 0x00000000e0000000)
  object space 83968K, 65% used [0x00000000dae00000,0x00000000de3984e0,0x00000000e0000000)
Event: 73.642 GC heap after
Heap after GC invocations=55 (full 4):
 PSYoungGen      total 116736K, used 36654K [0x00000000f5500000, 0x0000000100000000, 0x0000000100000000)
  eden space 58368K, 0% used [0x00000000f5500000,0x00000000f5500000,0x00000000f8e00000)
  from space 58368K, 62% used [0x00000000f8e00000,0x00000000fb1cb9e0,0x00000000fc700000)
  to   space 58368K, 0% used [0x00000000fc700000,0x00000000fc700000,0x0000000100000000)
 ParOldGen       total 326656K, used 155813K [0x00000000e0000000, 0x00000000f3f00000, 0x00000000f5500000)
  object space 326656K, 47% used [0x00000000e0000000,0x00000000e98297c0,0x00000000f3f00000)
 PSPermGen       total 83968K, used 54881K [0x00000000dae00000, 0x00000000e0000000, 0x00000000e0000000)
  object space 83968K, 65% used [0x00000000dae00000,0x00000000de3984e0,0x00000000e0000000)
}
Event: 73.657 GC heap before
{Heap before GC invocations=56 (full 4):
 PSYoungGen      total 116736K, used 95022K [0x00000000f5500000, 0x0000000100000000, 0x0000000100000000)
  eden space 58368K, 100% used [0x00000000f5500000,0x00000000f8e00000,0x00000000f8e00000)
  from space 58368K, 62% used [0x00000000f8e00000,0x00000000fb1cb9e0,0x00000000fc700000)
  to   space 58368K, 0% used [0x00000000fc700000,0x00000000fc700000,0x0000000100000000)
 ParOldGen       total 326656K, used 155813K [0x00000000e0000000, 0x00000000f3f00000, 0x00000000f5500000)
  object space 326656K, 47% used [0x00000000e0000000,0x00000000e98297c0,0x00000000f3f00000)
 PSPermGen       total 83968K, used 54881K [0x00000000dae00000, 0x00000000e0000000, 0x00000000e0000000)
  object space 83968K, 65% used [0x00000000dae00000,0x00000000de3984e0,0x00000000e0000000)
Event: 73.688 GC heap after
Heap after GC invocations=56 (full 4):
 PSYoungGen      total 116736K, used 54358K [0x00000000f5500000, 0x0000000100000000, 0x0000000100000000)
  eden space 58368K, 0% used [0x00000000f5500000,0x00000000f5500000,0x00000000f8e00000)
  from space 58368K, 93% used [0x00000000fc700000,0x00000000ffc15a28,0x0000000100000000)
  to   space 58368K, 0% used [0x00000000f8e00000,0x00000000f8e00000,0x00000000fc700000)
 ParOldGen       total 326656K, used 166502K [0x00000000e0000000, 0x00000000f3f00000, 0x00000000f5500000)
  object space 326656K, 50% used [0x00000000e0000000,0x00000000ea299b30,0x00000000f3f00000)
 PSPermGen       total 83968K, used 54881K [0x00000000dae00000, 0x00000000e0000000, 0x00000000e0000000)
  object space 83968K, 65% used [0x00000000dae00000,0x00000000de3984e0,0x00000000e0000000)
}
Event: 75.557 GC heap before
{Heap before GC invocations=57 (full 4):
 PSYoungGen      total 116736K, used 112726K [0x00000000f5500000, 0x0000000100000000, 0x0000000100000000)
  eden space 58368K, 100% used [0x00000000f5500000,0x00000000f8e00000,0x00000000f8e00000)
  from space 58368K, 93% used [0x00000000fc700000,0x00000000ffc15a28,0x0000000100000000)
  to   space 58368K, 0% used [0x00000000f8e00000,0x00000000f8e00000,0x00000000fc700000)
 ParOldGen       total 326656K, used 166502K [0x00000000e0000000, 0x00000000f3f00000, 0x00000000f5500000)
  object space 326656K, 50% used [0x00000000e0000000,0x00000000ea299b30,0x00000000f3f00000)
 PSPermGen       total 83968K, used 55387K [0x00000000dae00000, 0x00000000e0000000, 0x00000000e0000000)
  object space 83968K, 65% used [0x00000000dae00000,0x00000000de416db8,0x00000000e0000000)
Event: 75.567 GC heap after
Heap after GC invocations=57 (full 4):
 PSYoungGen      total 116736K, used 1411K [0x00000000f5500000, 0x0000000100000000, 0x0000000100000000)
  eden space 58368K, 0% used [0x00000000f5500000,0x00000000f5500000,0x00000000f8e00000)
  from space 58368K, 2% used [0x00000000f8e00000,0x00000000f8f60d20,0x00000000fc700000)
  to   space 58368K, 0% used [0x00000000fc700000,0x00000000fc700000,0x0000000100000000)
 ParOldGen       total 326656K, used 166518K [0x00000000e0000000, 0x00000000f3f00000, 0x00000000f5500000)
  object space 326656K, 50% used [0x00000000e0000000,0x00000000ea29db30,0x00000000f3f00000)
 PSPermGen       total 83968K, used 55387K [0x00000000dae00000, 0x00000000e0000000, 0x00000000e0000000)
  object space 83968K, 65% used [0x00000000dae00000,0x00000000de416db8,0x00000000e0000000)
}

